# Logfile created on 2020-01-12 18:18:06 +0100 by logger.rb/66358
  INFO ---------------------------------------------------------------------------
  INFO START 2020-01-12 18:18:06 +0100 cap preprod deploy:with_assets
  INFO ---------------------------------------------------------------------------
  INFO [384928db] Running /usr/bin/env mkdir -p /tmp/-preprod as u87073604@home655277423.1and1-data.host
 DEBUG [384928db] Command: ( export SYMFONY_ENV="prod" ; /usr/bin/env mkdir -p /tmp/-preprod )
  INFO [384928db] Finished in 0.754 seconds with exit status 0 (successful).
 DEBUG Uploading /tmp/-preprod/git-ssh--preprod-alexis.sh 0.0%
  INFO Uploading /tmp/-preprod/git-ssh--preprod-alexis.sh 100.0%
  INFO [948ab08e] Running /usr/bin/env chmod 700 /tmp/-preprod/git-ssh--preprod-alexis.sh as u87073604@home655277423.1and1-data.host
 DEBUG [948ab08e] Command: ( export SYMFONY_ENV="prod" ; /usr/bin/env chmod 700 /tmp/-preprod/git-ssh--preprod-alexis.sh )
  INFO [948ab08e] Finished in 0.184 seconds with exit status 0 (successful).
  INFO [e5634337] Running /usr/bin/env git ls-remote  HEAD as u87073604@home655277423.1and1-data.host
 DEBUG [e5634337] Command: ( export SYMFONY_ENV="prod" GIT_ASKPASS="/bin/echo" GIT_SSH="/tmp/-preprod/git-ssh--preprod-alexis.sh" ; /usr/bin/env git ls-remote  HEAD )
 DEBUG [e5634337] 	fatal: 'HEAD' does not appear to be a git repository
 DEBUG [e5634337] 	fatal: Could not read from remote repository.

Please make sure you have the correct access rights
and the repository exists.
  INFO ---------------------------------------------------------------------------
  INFO START 2020-01-12 18:24:50 +0100 cap preprod deploy:with_assets
  INFO ---------------------------------------------------------------------------
  INFO [d00ab672] Running /usr/bin/env mkdir -p /tmp/-preprod as u87073604@home655277423.1and1-data.host
 DEBUG [d00ab672] Command: ( export SYMFONY_ENV="prod" ; /usr/bin/env mkdir -p /tmp/-preprod )
  INFO [d00ab672] Finished in 1.322 seconds with exit status 0 (successful).
 DEBUG Uploading /tmp/-preprod/git-ssh--preprod-alexis.sh 0.0%
  INFO Uploading /tmp/-preprod/git-ssh--preprod-alexis.sh 100.0%
  INFO [3f61a913] Running /usr/bin/env chmod 700 /tmp/-preprod/git-ssh--preprod-alexis.sh as u87073604@home655277423.1and1-data.host
 DEBUG [3f61a913] Command: ( export SYMFONY_ENV="prod" ; /usr/bin/env chmod 700 /tmp/-preprod/git-ssh--preprod-alexis.sh )
  INFO [3f61a913] Finished in 0.180 seconds with exit status 0 (successful).
  INFO [4551584b] Running /usr/bin/env git ls-remote  HEAD as u87073604@home655277423.1and1-data.host
 DEBUG [4551584b] Command: ( export SYMFONY_ENV="prod" GIT_ASKPASS="/bin/echo" GIT_SSH="/tmp/-preprod/git-ssh--preprod-alexis.sh" ; /usr/bin/env git ls-remote  HEAD )
 DEBUG [4551584b] 	fatal: 'HEAD' does not appear to be a git repository
 DEBUG [4551584b] 	fatal: Could not read from remote repository.

Please make sure you have the correct access rights
and the repository exists.
  INFO ---------------------------------------------------------------------------
  INFO START 2020-01-12 18:27:20 +0100 cap preprod ssh
  INFO ---------------------------------------------------------------------------
  INFO ---------------------------------------------------------------------------
  INFO START 2020-01-12 18:42:55 +0100 cap preprod deploy:with_assets
  INFO ---------------------------------------------------------------------------
  INFO [2f2c247d] Running /usr/bin/env mkdir -p /tmp/-preprod as u87073604@home655277423.1and1-data.host
 DEBUG [2f2c247d] Command: ( export SYMFONY_ENV="prod" ; /usr/bin/env mkdir -p /tmp/-preprod )
  INFO [2f2c247d] Finished in 0.691 seconds with exit status 0 (successful).
 DEBUG Uploading /tmp/-preprod/git-ssh--preprod-alexis.sh 0.0%
  INFO Uploading /tmp/-preprod/git-ssh--preprod-alexis.sh 100.0%
  INFO [34860fda] Running /usr/bin/env chmod 700 /tmp/-preprod/git-ssh--preprod-alexis.sh as u87073604@home655277423.1and1-data.host
 DEBUG [34860fda] Command: ( export SYMFONY_ENV="prod" ; /usr/bin/env chmod 700 /tmp/-preprod/git-ssh--preprod-alexis.sh )
  INFO [34860fda] Finished in 0.183 seconds with exit status 0 (successful).
  INFO [fb3087cb] Running /usr/bin/env git ls-remote  HEAD as u87073604@home655277423.1and1-data.host
 DEBUG [fb3087cb] Command: ( export SYMFONY_ENV="prod" GIT_ASKPASS="/bin/echo" GIT_SSH="/tmp/-preprod/git-ssh--preprod-alexis.sh" ; /usr/bin/env git ls-remote  HEAD )
 DEBUG [fb3087cb] 	fatal: 'HEAD' does not appear to be a git repository
 DEBUG [fb3087cb] 	fatal: Could not read from remote repository.

Please make sure you have the correct access rights
and the repository exists.
  INFO ---------------------------------------------------------------------------
  INFO START 2020-01-12 18:44:46 +0100 cap preprod deploy:with_assets
  INFO ---------------------------------------------------------------------------
  INFO [47dc44b6] Running /usr/bin/env mkdir -p /tmp/-preprod as u87073604@home655277423.1and1-data.host
 DEBUG [47dc44b6] Command: ( export SYMFONY_ENV="prod" ; /usr/bin/env mkdir -p /tmp/-preprod )
  INFO [47dc44b6] Finished in 0.747 seconds with exit status 0 (successful).
 DEBUG Uploading /tmp/-preprod/git-ssh--preprod-alexis.sh 0.0%
  INFO Uploading /tmp/-preprod/git-ssh--preprod-alexis.sh 100.0%
  INFO [6c63c136] Running /usr/bin/env chmod 700 /tmp/-preprod/git-ssh--preprod-alexis.sh as u87073604@home655277423.1and1-data.host
 DEBUG [6c63c136] Command: ( export SYMFONY_ENV="prod" ; /usr/bin/env chmod 700 /tmp/-preprod/git-ssh--preprod-alexis.sh )
  INFO [6c63c136] Finished in 0.182 seconds with exit status 0 (successful).
  INFO [36a8bbc1] Running /usr/bin/env git ls-remote  HEAD as u87073604@home655277423.1and1-data.host
 DEBUG [36a8bbc1] Command: ( export SYMFONY_ENV="prod" GIT_ASKPASS="/bin/echo" GIT_SSH="/tmp/-preprod/git-ssh--preprod-alexis.sh" ; /usr/bin/env git ls-remote  HEAD )
 DEBUG [36a8bbc1] 	fatal: 'HEAD' does not appear to be a git repository
 DEBUG [36a8bbc1] 	fatal: Could not read from remote repository.

Please make sure you have the correct access rights
and the repository exists.
  INFO ---------------------------------------------------------------------------
  INFO START 2020-01-12 18:46:47 +0100 cap preprod ssh
  INFO ---------------------------------------------------------------------------
  INFO ---------------------------------------------------------------------------
  INFO START 2020-01-12 18:51:00 +0100 cap preprod deploy:check
  INFO ---------------------------------------------------------------------------
  INFO [cbd8b2cb] Running /usr/bin/env mkdir -p /tmp/-preprod as u87073604@home655277423.1and1-data.host
 DEBUG [cbd8b2cb] Command: ( export SYMFONY_ENV="prod" ; /usr/bin/env mkdir -p /tmp/-preprod )
  INFO [cbd8b2cb] Finished in 0.671 seconds with exit status 0 (successful).
 DEBUG Uploading /tmp/-preprod/git-ssh--preprod-alexis.sh 0.0%
  INFO Uploading /tmp/-preprod/git-ssh--preprod-alexis.sh 100.0%
  INFO [b74810bf] Running /usr/bin/env chmod 700 /tmp/-preprod/git-ssh--preprod-alexis.sh as u87073604@home655277423.1and1-data.host
 DEBUG [b74810bf] Command: ( export SYMFONY_ENV="prod" ; /usr/bin/env chmod 700 /tmp/-preprod/git-ssh--preprod-alexis.sh )
  INFO [b74810bf] Finished in 0.190 seconds with exit status 0 (successful).
  INFO [743f646b] Running /usr/bin/env git ls-remote  HEAD as u87073604@home655277423.1and1-data.host
 DEBUG [743f646b] Command: ( export SYMFONY_ENV="prod" GIT_ASKPASS="/bin/echo" GIT_SSH="/tmp/-preprod/git-ssh--preprod-alexis.sh" ; /usr/bin/env git ls-remote  HEAD )
 DEBUG [743f646b] 	fatal: 'HEAD' does not appear to be a git repository
 DEBUG [743f646b] 	fatal: Could not read from remote repository.

Please make sure you have the correct access rights
and the repository exists.
  INFO ---------------------------------------------------------------------------
  INFO START 2020-01-12 18:51:28 +0100 cap preprod git:check
  INFO ---------------------------------------------------------------------------
  INFO [78b6794a] Running /usr/bin/env mkdir -p /tmp/-preprod as u87073604@home655277423.1and1-data.host
 DEBUG [78b6794a] Command: ( export SYMFONY_ENV="prod" ; /usr/bin/env mkdir -p /tmp/-preprod )
  INFO [78b6794a] Finished in 0.674 seconds with exit status 0 (successful).
 DEBUG Uploading /tmp/-preprod/git-ssh--preprod-alexis.sh 0.0%
  INFO Uploading /tmp/-preprod/git-ssh--preprod-alexis.sh 100.0%
  INFO [3febadd9] Running /usr/bin/env chmod 700 /tmp/-preprod/git-ssh--preprod-alexis.sh as u87073604@home655277423.1and1-data.host
 DEBUG [3febadd9] Command: ( export SYMFONY_ENV="prod" ; /usr/bin/env chmod 700 /tmp/-preprod/git-ssh--preprod-alexis.sh )
  INFO [3febadd9] Finished in 0.182 seconds with exit status 0 (successful).
  INFO [d0b13a6a] Running /usr/bin/env git ls-remote  HEAD as u87073604@home655277423.1and1-data.host
 DEBUG [d0b13a6a] Command: ( export SYMFONY_ENV="prod" GIT_ASKPASS="/bin/echo" GIT_SSH="/tmp/-preprod/git-ssh--preprod-alexis.sh" ; /usr/bin/env git ls-remote  HEAD )
 DEBUG [d0b13a6a] 	fatal: 'HEAD' does not appear to be a git repository
 DEBUG [d0b13a6a] 	fatal: Could not read from remote repository.

Please make sure you have the correct access rights
and the repository exists.
